2024-06-19 15:45:04,275 [INFO] - Started server process [22361]
2024-06-19 15:45:04,275 [INFO] - Waiting for application startup.
2024-06-19 15:45:04,276 [INFO] - Application startup complete.
2024-06-19 15:45:14,605 [INFO] - Shutting down
2024-06-19 15:45:14,705 [INFO] - Waiting for application shutdown.
2024-06-19 15:45:14,706 [INFO] - Application shutdown complete.
2024-06-19 15:45:14,706 [INFO] - Finished server process [22361]
2024-06-19 15:45:15,475 [INFO] - Started server process [22374]
2024-06-19 15:45:15,475 [INFO] - Waiting for application startup.
2024-06-19 15:45:15,476 [INFO] - Application startup complete.
2024-06-19 15:45:24,702 [INFO] - Shutting down
2024-06-19 15:45:24,803 [INFO] - Waiting for application shutdown.
2024-06-19 15:45:24,804 [INFO] - Application shutdown complete.
2024-06-19 15:45:24,804 [INFO] - Finished server process [22374]
2024-06-19 15:45:25,539 [INFO] - Started server process [22387]
2024-06-19 15:45:25,540 [INFO] - Waiting for application startup.
2024-06-19 15:45:25,540 [INFO] - Application startup complete.
2024-06-19 15:57:47,502 [INFO] - Shutting down
2024-06-19 15:57:47,603 [INFO] - Waiting for application shutdown.
2024-06-19 15:57:47,604 [INFO] - Application shutdown complete.
2024-06-19 15:57:47,604 [INFO] - Finished server process [22387]
2024-06-19 16:04:06,816 [INFO] - Started server process [22992]
2024-06-19 16:04:06,817 [INFO] - Waiting for application startup.
2024-06-19 16:04:06,817 [INFO] - Application startup complete.
2024-06-19 16:04:13,434 [INFO] - Shutting down
2024-06-19 16:04:13,535 [INFO] - Waiting for application shutdown.
2024-06-19 16:04:13,536 [INFO] - Application shutdown complete.
2024-06-19 16:04:13,536 [INFO] - Finished server process [22992]
2024-06-19 16:04:22,363 [INFO] - Started server process [23011]
2024-06-19 16:04:22,364 [INFO] - Waiting for application startup.
2024-06-19 16:04:22,364 [INFO] - Application startup complete.
2024-06-19 16:06:30,820 [ERROR] - Error retrieving products: parameter `request` must be an instance of starlette.requests.Request
2024-06-19 16:06:53,822 [INFO] - Shutting down
2024-06-19 16:06:53,922 [INFO] - Waiting for application shutdown.
2024-06-19 16:06:53,923 [INFO] - Application shutdown complete.
2024-06-19 16:06:53,923 [INFO] - Finished server process [23011]
2024-06-19 16:06:55,693 [INFO] - Started server process [23048]
2024-06-19 16:06:55,695 [INFO] - Waiting for application startup.
2024-06-19 16:06:55,695 [INFO] - Application startup complete.
2024-06-19 16:07:01,999 [ERROR] - Error retrieving products: parameter `request` must be an instance of starlette.requests.Request
2024-06-19 16:07:49,679 [INFO] - Shutting down
2024-06-19 16:07:49,780 [INFO] - Waiting for application shutdown.
2024-06-19 16:07:49,780 [INFO] - Application shutdown complete.
2024-06-19 16:07:49,780 [INFO] - Finished server process [23048]
2024-06-19 16:08:43,193 [INFO] - Started server process [23121]
2024-06-19 16:08:43,193 [INFO] - Waiting for application startup.
2024-06-19 16:08:43,194 [INFO] - Application startup complete.
2024-06-19 16:09:18,441 [ERROR] - Error retrieving products: parameter `request` must be an instance of starlette.requests.Request
2024-06-19 16:10:03,615 [INFO] - Shutting down
2024-06-19 16:10:03,716 [INFO] - Waiting for application shutdown.
2024-06-19 16:10:03,716 [INFO] - Application shutdown complete.
2024-06-19 16:10:03,717 [INFO] - Finished server process [23121]
2024-06-19 16:10:04,669 [INFO] - Started server process [23209]
2024-06-19 16:10:04,671 [INFO] - Waiting for application startup.
2024-06-19 16:10:04,671 [INFO] - Application startup complete.
2024-06-19 16:10:09,303 [ERROR] - Error retrieving products: get_all_products() missing 1 required positional argument: 'request'
2024-06-19 16:10:25,130 [INFO] - Shutting down
2024-06-19 16:10:25,230 [INFO] - Waiting for application shutdown.
2024-06-19 16:10:25,231 [INFO] - Application shutdown complete.
2024-06-19 16:10:25,231 [INFO] - Finished server process [23209]
2024-06-19 16:10:26,182 [INFO] - Started server process [23229]
2024-06-19 16:10:26,183 [INFO] - Waiting for application startup.
2024-06-19 16:10:26,183 [INFO] - Application startup complete.
2024-06-19 16:10:27,972 [ERROR] - Error retrieving products: maximum recursion depth exceeded while calling a Python object
2024-06-19 16:10:27,972 [ERROR] - Error retrieving products: 
2024-06-19 16:10:27,972 [ERROR] - Error retrieving products: 
2024-06-19 16:10:27,972 [ERROR] - Error retrieving products: 
2024-06-19 16:10:27,972 [ERROR] - Error retrieving products: 
2024-06-19 16:10:27,972 [ERROR] - Error retrieving products: 
2024-06-19 16:10:27,972 [ERROR] - Error retrieving products: 
2024-06-19 16:10:27,972 [ERROR] - Error retrieving products: 
2024-06-19 16:10:27,973 [ERROR] - Error retrieving products: 
2024-06-19 16:10:27,973 [ERROR] - Error retrieving products: 
2024-06-19 16:10:27,973 [ERROR] - Error retrieving products: 
2024-06-19 16:10:27,973 [ERROR] - Error retrieving products: 
2024-06-19 16:10:27,973 [ERROR] - Error retrieving products: 
2024-06-19 16:10:27,973 [ERROR] - Error retrieving products: 
2024-06-19 16:10:27,973 [ERROR] - Error retrieving products: 
2024-06-19 16:10:27,973 [ERROR] - Error retrieving products: 
2024-06-19 16:10:27,973 [ERROR] - Error retrieving products: 
2024-06-19 16:10:27,973 [ERROR] - Error retrieving products: 
2024-06-19 16:10:27,973 [ERROR] - Error retrieving products: 
2024-06-19 16:10:27,973 [ERROR] - Error retrieving products: 
2024-06-19 16:10:27,974 [ERROR] - Error retrieving products: 
2024-06-19 16:10:27,974 [ERROR] - Error retrieving products: 
2024-06-19 16:10:27,974 [ERROR] - Error retrieving products: 
2024-06-19 16:10:27,974 [ERROR] - Error retrieving products: 
2024-06-19 16:10:27,974 [ERROR] - Error retrieving products: 
2024-06-19 16:10:27,974 [ERROR] - Error retrieving products: 
2024-06-19 16:10:27,974 [ERROR] - Error retrieving products: 
2024-06-19 16:10:27,974 [ERROR] - Error retrieving products: 
2024-06-19 16:10:27,974 [ERROR] - Error retrieving products: 
2024-06-19 16:10:27,974 [ERROR] - Error retrieving products: 
2024-06-19 16:10:27,974 [ERROR] - Error retrieving products: 
2024-06-19 16:10:27,974 [ERROR] - Error retrieving products: 
2024-06-19 16:10:27,975 [ERROR] - Error retrieving products: 
2024-06-19 16:10:27,975 [ERROR] - Error retrieving products: 
2024-06-19 16:10:27,975 [ERROR] - Error retrieving products: 
2024-06-19 16:10:27,975 [ERROR] - Error retrieving products: 
2024-06-19 16:10:27,975 [ERROR] - Error retrieving products: 
2024-06-19 16:10:27,975 [ERROR] - Error retrieving products: 
2024-06-19 16:10:27,975 [ERROR] - Error retrieving products: 
2024-06-19 16:10:27,975 [ERROR] - Error retrieving products: 
2024-06-19 16:10:27,975 [ERROR] - Error retrieving products: 
2024-06-19 16:10:27,975 [ERROR] - Error retrieving products: 
2024-06-19 16:10:27,975 [ERROR] - Error retrieving products: 
2024-06-19 16:10:27,976 [ERROR] - Error retrieving products: 
2024-06-19 16:10:27,976 [ERROR] - Error retrieving products: 
2024-06-19 16:10:27,976 [ERROR] - Error retrieving products: 
2024-06-19 16:10:27,976 [ERROR] - Error retrieving products: 
2024-06-19 16:10:27,976 [ERROR] - Error retrieving products: 
2024-06-19 16:10:27,976 [ERROR] - Error retrieving products: 
2024-06-19 16:10:27,976 [ERROR] - Error retrieving products: 
2024-06-19 16:10:27,976 [ERROR] - Error retrieving products: 
2024-06-19 16:10:27,976 [ERROR] - Error retrieving products: 
2024-06-19 16:10:27,976 [ERROR] - Error retrieving products: 
2024-06-19 16:10:27,976 [ERROR] - Error retrieving products: 
2024-06-19 16:10:27,976 [ERROR] - Error retrieving products: 
2024-06-19 16:10:27,976 [ERROR] - Error retrieving products: 
2024-06-19 16:10:27,976 [ERROR] - Error retrieving products: 
2024-06-19 16:10:27,977 [ERROR] - Error retrieving products: 
2024-06-19 16:10:27,977 [ERROR] - Error retrieving products: 
2024-06-19 16:10:27,977 [ERROR] - Error retrieving products: 
2024-06-19 16:10:27,977 [ERROR] - Error retrieving products: 
2024-06-19 16:10:27,977 [ERROR] - Error retrieving products: 
2024-06-19 16:10:27,977 [ERROR] - Error retrieving products: 
2024-06-19 16:10:27,977 [ERROR] - Error retrieving products: 
2024-06-19 16:10:27,977 [ERROR] - Error retrieving products: 
2024-06-19 16:10:27,977 [ERROR] - Error retrieving products: 
2024-06-19 16:10:27,977 [ERROR] - Error retrieving products: 
2024-06-19 16:10:27,977 [ERROR] - Error retrieving products: 
2024-06-19 16:10:27,977 [ERROR] - Error retrieving products: 
2024-06-19 16:10:27,977 [ERROR] - Error retrieving products: 
2024-06-19 16:10:27,977 [ERROR] - Error retrieving products: 
2024-06-19 16:10:27,977 [ERROR] - Error retrieving products: 
2024-06-19 16:10:27,977 [ERROR] - Error retrieving products: 
2024-06-19 16:10:27,977 [ERROR] - Error retrieving products: 
2024-06-19 16:10:27,977 [ERROR] - Error retrieving products: 
2024-06-19 16:10:27,977 [ERROR] - Error retrieving products: 
2024-06-19 16:10:27,977 [ERROR] - Error retrieving products: 
2024-06-19 16:10:27,977 [ERROR] - Error retrieving products: 
2024-06-19 16:10:27,977 [ERROR] - Error retrieving products: 
2024-06-19 16:10:27,978 [ERROR] - Error retrieving products: 
2024-06-19 16:10:27,978 [ERROR] - Error retrieving products: 
2024-06-19 16:10:27,978 [ERROR] - Error retrieving products: 
2024-06-19 16:10:27,978 [ERROR] - Error retrieving products: 
2024-06-19 16:10:27,978 [ERROR] - Error retrieving products: 
2024-06-19 16:10:27,978 [ERROR] - Error retrieving products: 
2024-06-19 16:10:27,978 [ERROR] - Error retrieving products: 
2024-06-19 16:10:27,978 [ERROR] - Error retrieving products: 
2024-06-19 16:10:27,978 [ERROR] - Error retrieving products: 
2024-06-19 16:10:27,978 [ERROR] - Error retrieving products: 
2024-06-19 16:10:27,978 [ERROR] - Error retrieving products: 
2024-06-19 16:10:27,978 [ERROR] - Error retrieving products: 
2024-06-19 16:10:27,978 [ERROR] - Error retrieving products: 
2024-06-19 16:10:27,978 [ERROR] - Error retrieving products: 
2024-06-19 16:10:27,978 [ERROR] - Error retrieving products: 
2024-06-19 16:10:27,978 [ERROR] - Error retrieving products: 
2024-06-19 16:10:27,978 [ERROR] - Error retrieving products: 
2024-06-19 16:10:27,978 [ERROR] - Error retrieving products: 
2024-06-19 16:10:27,978 [ERROR] - Error retrieving products: 
2024-06-19 16:10:27,978 [ERROR] - Error retrieving products: 
2024-06-19 16:10:27,978 [ERROR] - Error retrieving products: 
2024-06-19 16:10:27,978 [ERROR] - Error retrieving products: 
2024-06-19 16:10:27,979 [ERROR] - Error retrieving products: 
2024-06-19 16:10:27,979 [ERROR] - Error retrieving products: 
2024-06-19 16:10:27,979 [ERROR] - Error retrieving products: 
2024-06-19 16:10:27,979 [ERROR] - Error retrieving products: 
2024-06-19 16:10:27,979 [ERROR] - Error retrieving products: 
2024-06-19 16:10:27,979 [ERROR] - Error retrieving products: 
2024-06-19 16:10:27,979 [ERROR] - Error retrieving products: 
2024-06-19 16:10:27,979 [ERROR] - Error retrieving products: 
2024-06-19 16:10:27,979 [ERROR] - Error retrieving products: 
2024-06-19 16:10:27,979 [ERROR] - Error retrieving products: 
2024-06-19 16:10:27,979 [ERROR] - Error retrieving products: 
2024-06-19 16:10:27,979 [ERROR] - Error retrieving products: 
2024-06-19 16:10:27,979 [ERROR] - Error retrieving products: 
2024-06-19 16:10:27,979 [ERROR] - Error retrieving products: 
2024-06-19 16:10:27,979 [ERROR] - Error retrieving products: 
2024-06-19 16:10:27,979 [ERROR] - Error retrieving products: 
2024-06-19 16:10:27,979 [ERROR] - Error retrieving products: 
2024-06-19 16:10:27,979 [ERROR] - Error retrieving products: 
2024-06-19 16:10:27,979 [ERROR] - Error retrieving products: 
2024-06-19 16:10:27,979 [ERROR] - Error retrieving products: 
2024-06-19 16:10:27,979 [ERROR] - Error retrieving products: 
2024-06-19 16:10:27,979 [ERROR] - Error retrieving products: 
2024-06-19 16:10:27,979 [ERROR] - Error retrieving products: 
2024-06-19 16:10:27,979 [ERROR] - Error retrieving products: 
2024-06-19 16:10:27,979 [ERROR] - Error retrieving products: 
2024-06-19 16:10:27,979 [ERROR] - Error retrieving products: 
2024-06-19 16:10:27,979 [ERROR] - Error retrieving products: 
2024-06-19 16:10:27,979 [ERROR] - Error retrieving products: 
2024-06-19 16:10:27,979 [ERROR] - Error retrieving products: 
2024-06-19 16:10:27,979 [ERROR] - Error retrieving products: 
2024-06-19 16:10:27,979 [ERROR] - Error retrieving products: 
2024-06-19 16:10:27,979 [ERROR] - Error retrieving products: 
2024-06-19 16:10:27,979 [ERROR] - Error retrieving products: 
2024-06-19 16:10:27,979 [ERROR] - Error retrieving products: 
2024-06-19 16:10:27,979 [ERROR] - Error retrieving products: 
2024-06-19 16:10:27,979 [ERROR] - Error retrieving products: 
2024-06-19 16:10:27,980 [ERROR] - Error retrieving products: 
2024-06-19 16:10:27,980 [ERROR] - Error retrieving products: 
2024-06-19 16:10:27,980 [ERROR] - Error retrieving products: 
2024-06-19 16:10:27,980 [ERROR] - Error retrieving products: 
2024-06-19 16:10:27,980 [ERROR] - Error retrieving products: 
2024-06-19 16:10:27,980 [ERROR] - Error retrieving products: 
2024-06-19 16:10:27,980 [ERROR] - Error retrieving products: 
2024-06-19 16:10:27,980 [ERROR] - Error retrieving products: 
2024-06-19 16:10:27,980 [ERROR] - Error retrieving products: 
2024-06-19 16:10:27,980 [ERROR] - Error retrieving products: 
2024-06-19 16:10:27,980 [ERROR] - Error retrieving products: 
2024-06-19 16:10:27,980 [ERROR] - Error retrieving products: 
2024-06-19 16:10:27,980 [ERROR] - Error retrieving products: 
2024-06-19 16:10:27,980 [ERROR] - Error retrieving products: 
2024-06-19 16:10:27,980 [ERROR] - Error retrieving products: 
2024-06-19 16:10:27,980 [ERROR] - Error retrieving products: 
2024-06-19 16:10:27,980 [ERROR] - Error retrieving products: 
2024-06-19 16:10:27,980 [ERROR] - Error retrieving products: 
2024-06-19 16:10:27,980 [ERROR] - Error retrieving products: 
2024-06-19 16:10:27,980 [ERROR] - Error retrieving products: 
2024-06-19 16:10:27,980 [ERROR] - Error retrieving products: 
2024-06-19 16:10:27,980 [ERROR] - Error retrieving products: 
2024-06-19 16:10:27,980 [ERROR] - Error retrieving products: 
2024-06-19 16:10:27,980 [ERROR] - Error retrieving products: 
2024-06-19 16:10:27,980 [ERROR] - Error retrieving products: 
2024-06-19 16:10:27,980 [ERROR] - Error retrieving products: 
2024-06-19 16:10:27,980 [ERROR] - Error retrieving products: 
2024-06-19 16:10:27,980 [ERROR] - Error retrieving products: 
2024-06-19 16:10:27,980 [ERROR] - Error retrieving products: 
2024-06-19 16:10:27,980 [ERROR] - Error retrieving products: 
2024-06-19 16:10:27,981 [ERROR] - Error retrieving products: 
2024-06-19 16:10:27,981 [ERROR] - Error retrieving products: 
2024-06-19 16:10:27,981 [ERROR] - Error retrieving products: 
2024-06-19 16:10:27,981 [ERROR] - Error retrieving products: 
2024-06-19 16:10:27,981 [ERROR] - Error retrieving products: 
2024-06-19 16:10:27,981 [ERROR] - Error retrieving products: 
2024-06-19 16:10:27,981 [ERROR] - Error retrieving products: 
2024-06-19 16:10:27,981 [ERROR] - Error retrieving products: 
2024-06-19 16:10:27,981 [ERROR] - Error retrieving products: 
2024-06-19 16:10:27,981 [ERROR] - Error retrieving products: 
2024-06-19 16:10:27,981 [ERROR] - Error retrieving products: 
2024-06-19 16:10:27,981 [ERROR] - Error retrieving products: 
2024-06-19 16:10:27,981 [ERROR] - Error retrieving products: 
2024-06-19 16:10:27,981 [ERROR] - Error retrieving products: 
2024-06-19 16:10:27,981 [ERROR] - Error retrieving products: 
2024-06-19 16:10:27,981 [ERROR] - Error retrieving products: 
2024-06-19 16:10:27,981 [ERROR] - Error retrieving products: 
2024-06-19 16:10:27,981 [ERROR] - Error retrieving products: 
2024-06-19 16:10:27,981 [ERROR] - Error retrieving products: 
2024-06-19 16:10:27,981 [ERROR] - Error retrieving products: 
2024-06-19 16:10:27,981 [ERROR] - Error retrieving products: 
2024-06-19 16:10:27,981 [ERROR] - Error retrieving products: 
2024-06-19 16:10:27,981 [ERROR] - Error retrieving products: 
2024-06-19 16:10:27,981 [ERROR] - Error retrieving products: 
2024-06-19 16:10:27,981 [ERROR] - Error retrieving products: 
2024-06-19 16:10:27,981 [ERROR] - Error retrieving products: 
2024-06-19 16:10:27,981 [ERROR] - Error retrieving products: 
2024-06-19 16:10:27,981 [ERROR] - Error retrieving products: 
2024-06-19 16:10:27,981 [ERROR] - Error retrieving products: 
2024-06-19 16:10:27,981 [ERROR] - Error retrieving products: 
2024-06-19 16:10:27,981 [ERROR] - Error retrieving products: 
2024-06-19 16:10:27,981 [ERROR] - Error retrieving products: 
2024-06-19 16:10:27,981 [ERROR] - Error retrieving products: 
2024-06-19 16:10:27,982 [ERROR] - Error retrieving products: 
2024-06-19 16:10:27,982 [ERROR] - Error retrieving products: 
2024-06-19 16:10:27,982 [ERROR] - Error retrieving products: 
2024-06-19 16:10:27,982 [ERROR] - Error retrieving products: 
2024-06-19 16:10:27,982 [ERROR] - Error retrieving products: 
2024-06-19 16:10:27,982 [ERROR] - Error retrieving products: 
2024-06-19 16:10:27,982 [ERROR] - Error retrieving products: 
2024-06-19 16:10:27,982 [ERROR] - Error retrieving products: 
2024-06-19 16:10:27,982 [ERROR] - Error retrieving products: 
2024-06-19 16:10:27,982 [ERROR] - Error retrieving products: 
2024-06-19 16:10:27,982 [ERROR] - Error retrieving products: 
2024-06-19 16:10:27,982 [ERROR] - Error retrieving products: 
2024-06-19 16:10:27,982 [ERROR] - Error retrieving products: 
2024-06-19 16:10:27,982 [ERROR] - Error retrieving products: 
2024-06-19 16:10:27,982 [ERROR] - Error retrieving products: 
2024-06-19 16:10:27,982 [ERROR] - Error retrieving products: 
2024-06-19 16:10:27,982 [ERROR] - Error retrieving products: 
2024-06-19 16:10:27,982 [ERROR] - Error retrieving products: 
2024-06-19 16:10:27,982 [ERROR] - Error retrieving products: 
2024-06-19 16:10:27,982 [ERROR] - Error retrieving products: 
2024-06-19 16:10:27,982 [ERROR] - Error retrieving products: 
2024-06-19 16:10:27,982 [ERROR] - Error retrieving products: 
2024-06-19 16:10:27,982 [ERROR] - Error retrieving products: 
2024-06-19 16:10:27,982 [ERROR] - Error retrieving products: 
2024-06-19 16:10:27,982 [ERROR] - Error retrieving products: 
2024-06-19 16:10:27,982 [ERROR] - Error retrieving products: 
2024-06-19 16:10:27,982 [ERROR] - Error retrieving products: 
2024-06-19 16:10:27,982 [ERROR] - Error retrieving products: 
2024-06-19 16:10:27,982 [ERROR] - Error retrieving products: 
2024-06-19 16:10:27,982 [ERROR] - Error retrieving products: 
2024-06-19 16:10:27,982 [ERROR] - Error retrieving products: 
2024-06-19 16:10:27,982 [ERROR] - Error retrieving products: 
2024-06-19 16:10:27,983 [ERROR] - Error retrieving products: 
2024-06-19 16:10:27,983 [ERROR] - Error retrieving products: 
2024-06-19 16:10:27,983 [ERROR] - Error retrieving products: 
2024-06-19 16:10:27,983 [ERROR] - Error retrieving products: 
2024-06-19 16:10:27,983 [ERROR] - Error retrieving products: 
2024-06-19 16:10:27,983 [ERROR] - Error retrieving products: 
2024-06-19 16:10:27,983 [ERROR] - Error retrieving products: 
2024-06-19 16:10:27,983 [ERROR] - Error retrieving products: 
2024-06-19 16:10:27,983 [ERROR] - Error retrieving products: 
2024-06-19 16:10:27,983 [ERROR] - Error retrieving products: 
2024-06-19 16:10:27,983 [ERROR] - Error retrieving products: 
2024-06-19 16:10:27,983 [ERROR] - Error retrieving products: 
2024-06-19 16:10:27,983 [ERROR] - Error retrieving products: 
2024-06-19 16:10:27,983 [ERROR] - Error retrieving products: 
2024-06-19 16:10:27,983 [ERROR] - Error retrieving products: 
2024-06-19 16:10:27,983 [ERROR] - Error retrieving products: 
2024-06-19 16:10:27,983 [ERROR] - Error retrieving products: 
2024-06-19 16:10:27,983 [ERROR] - Error retrieving products: 
2024-06-19 16:10:27,983 [ERROR] - Error retrieving products: 
2024-06-19 16:10:27,983 [ERROR] - Error retrieving products: 
2024-06-19 16:10:27,983 [ERROR] - Error retrieving products: 
2024-06-19 16:10:27,983 [ERROR] - Error retrieving products: 
2024-06-19 16:10:27,983 [ERROR] - Error retrieving products: 
2024-06-19 16:10:27,983 [ERROR] - Error retrieving products: 
2024-06-19 16:10:27,983 [ERROR] - Error retrieving products: 
2024-06-19 16:10:27,983 [ERROR] - Error retrieving products: 
2024-06-19 16:10:27,983 [ERROR] - Error retrieving products: 
2024-06-19 16:10:27,983 [ERROR] - Error retrieving products: 
2024-06-19 16:10:27,983 [ERROR] - Error retrieving products: 
2024-06-19 16:10:27,983 [ERROR] - Error retrieving products: 
2024-06-19 16:10:27,983 [ERROR] - Error retrieving products: 
2024-06-19 16:10:27,983 [ERROR] - Error retrieving products: 
2024-06-19 16:10:27,984 [ERROR] - Error retrieving products: 
2024-06-19 16:10:27,984 [ERROR] - Error retrieving products: 
2024-06-19 16:10:27,984 [ERROR] - Error retrieving products: 
2024-06-19 16:10:27,984 [ERROR] - Error retrieving products: 
2024-06-19 16:10:27,984 [ERROR] - Error retrieving products: 
2024-06-19 16:10:27,984 [ERROR] - Error retrieving products: 
2024-06-19 16:10:27,984 [ERROR] - Error retrieving products: 
2024-06-19 16:10:27,984 [ERROR] - Error retrieving products: 
2024-06-19 16:10:27,984 [ERROR] - Error retrieving products: 
2024-06-19 16:10:27,984 [ERROR] - Error retrieving products: 
2024-06-19 16:10:27,984 [ERROR] - Error retrieving products: 
2024-06-19 16:10:27,984 [ERROR] - Error retrieving products: 
2024-06-19 16:10:27,984 [ERROR] - Error retrieving products: 
2024-06-19 16:10:27,984 [ERROR] - Error retrieving products: 
2024-06-19 16:10:27,984 [ERROR] - Error retrieving products: 
2024-06-19 16:10:27,984 [ERROR] - Error retrieving products: 
2024-06-19 16:10:27,984 [ERROR] - Error retrieving products: 
2024-06-19 16:10:27,984 [ERROR] - Error retrieving products: 
2024-06-19 16:10:27,984 [ERROR] - Error retrieving products: 
2024-06-19 16:10:27,984 [ERROR] - Error retrieving products: 
2024-06-19 16:10:27,984 [ERROR] - Error retrieving products: 
2024-06-19 16:10:27,984 [ERROR] - Error retrieving products: 
2024-06-19 16:10:27,984 [ERROR] - Error retrieving products: 
2024-06-19 16:10:27,984 [ERROR] - Error retrieving products: 
2024-06-19 16:10:27,984 [ERROR] - Error retrieving products: 
2024-06-19 16:10:27,984 [ERROR] - Error retrieving products: 
2024-06-19 16:10:27,984 [ERROR] - Error retrieving products: 
2024-06-19 16:10:27,985 [ERROR] - Error retrieving products: 
2024-06-19 16:10:27,985 [ERROR] - Error retrieving products: 
2024-06-19 16:10:27,985 [ERROR] - Error retrieving products: 
2024-06-19 16:10:27,985 [ERROR] - Error retrieving products: 
2024-06-19 16:10:27,985 [ERROR] - Error retrieving products: 
2024-06-19 16:10:27,985 [ERROR] - Error retrieving products: 
2024-06-19 16:10:27,985 [ERROR] - Error retrieving products: 
2024-06-19 16:10:27,985 [ERROR] - Error retrieving products: 
2024-06-19 16:10:27,985 [ERROR] - Error retrieving products: 
2024-06-19 16:10:27,985 [ERROR] - Error retrieving products: 
2024-06-19 16:10:27,985 [ERROR] - Error retrieving products: 
2024-06-19 16:10:27,985 [ERROR] - Error retrieving products: 
2024-06-19 16:10:27,985 [ERROR] - Error retrieving products: 
2024-06-19 16:10:27,985 [ERROR] - Error retrieving products: 
2024-06-19 16:10:27,985 [ERROR] - Error retrieving products: 
2024-06-19 16:10:27,985 [ERROR] - Error retrieving products: 
2024-06-19 16:10:27,985 [ERROR] - Error retrieving products: 
2024-06-19 16:10:27,985 [ERROR] - Error retrieving products: 
2024-06-19 16:10:27,985 [ERROR] - Error retrieving products: 
2024-06-19 16:10:27,985 [ERROR] - Error retrieving products: 
2024-06-19 16:10:27,985 [ERROR] - Error retrieving products: 
2024-06-19 16:10:27,985 [ERROR] - Error retrieving products: 
2024-06-19 16:10:27,986 [ERROR] - Error retrieving products: 
2024-06-19 16:10:27,986 [ERROR] - Error retrieving products: 
2024-06-19 16:10:27,986 [ERROR] - Error retrieving products: 
2024-06-19 16:10:27,986 [ERROR] - Error retrieving products: 
2024-06-19 16:10:27,986 [ERROR] - Error retrieving products: 
2024-06-19 16:10:27,986 [ERROR] - Error retrieving products: 
2024-06-19 16:10:27,986 [ERROR] - Error retrieving products: 
2024-06-19 16:10:27,986 [ERROR] - Error retrieving products: 
2024-06-19 16:10:27,986 [ERROR] - Error retrieving products: 
2024-06-19 16:10:27,986 [ERROR] - Error retrieving products: 
2024-06-19 16:10:27,986 [ERROR] - Error retrieving products: 
2024-06-19 16:10:27,986 [ERROR] - Error retrieving products: 
2024-06-19 16:10:27,986 [ERROR] - Error retrieving products: 
2024-06-19 16:10:27,986 [ERROR] - Error retrieving products: 
2024-06-19 16:10:27,986 [ERROR] - Error retrieving products: 
2024-06-19 16:10:27,986 [ERROR] - Error retrieving products: 
2024-06-19 16:10:27,986 [ERROR] - Error retrieving products: 
2024-06-19 16:10:27,986 [ERROR] - Error retrieving products: 
2024-06-19 16:10:27,986 [ERROR] - Error retrieving products: 
2024-06-19 16:10:27,986 [ERROR] - Error retrieving products: 
2024-06-19 16:10:27,986 [ERROR] - Error retrieving products: 
2024-06-19 16:10:27,986 [ERROR] - Error retrieving products: 
2024-06-19 16:10:27,986 [ERROR] - Error retrieving products: 
2024-06-19 16:10:27,987 [ERROR] - Error retrieving products: 
2024-06-19 16:10:27,987 [ERROR] - Error retrieving products: 
2024-06-19 16:10:27,987 [ERROR] - Error retrieving products: 
2024-06-19 16:10:27,987 [ERROR] - Error retrieving products: 
2024-06-19 16:10:27,987 [ERROR] - Error retrieving products: 
2024-06-19 16:10:27,987 [ERROR] - Error retrieving products: 
2024-06-19 16:10:27,987 [ERROR] - Error retrieving products: 
2024-06-19 16:10:27,987 [ERROR] - Error retrieving products: 
2024-06-19 16:10:27,987 [ERROR] - Error retrieving products: 
2024-06-19 16:10:27,987 [ERROR] - Error retrieving products: 
2024-06-19 16:10:27,987 [ERROR] - Error retrieving products: 
2024-06-19 16:10:27,987 [ERROR] - Error retrieving products: 
2024-06-19 16:10:27,987 [ERROR] - Error retrieving products: 
2024-06-19 16:10:27,987 [ERROR] - Error retrieving products: 
2024-06-19 16:10:27,987 [ERROR] - Error retrieving products: 
2024-06-19 16:10:27,987 [ERROR] - Error retrieving products: 
2024-06-19 16:10:27,987 [ERROR] - Error retrieving products: 
2024-06-19 16:10:27,987 [ERROR] - Error retrieving products: 
2024-06-19 16:10:27,987 [ERROR] - Error retrieving products: 
2024-06-19 16:10:27,987 [ERROR] - Error retrieving products: 
2024-06-19 16:10:27,987 [ERROR] - Error retrieving products: 
2024-06-19 16:10:27,987 [ERROR] - Error retrieving products: 
2024-06-19 16:10:27,987 [ERROR] - Error retrieving products: 
2024-06-19 16:10:27,987 [ERROR] - Error retrieving products: 
2024-06-19 16:10:27,987 [ERROR] - Error retrieving products: 
2024-06-19 16:10:27,987 [ERROR] - Error retrieving products: 
2024-06-19 16:10:27,988 [ERROR] - Error retrieving products: 
2024-06-19 16:10:27,988 [ERROR] - Error retrieving products: 
2024-06-19 16:10:27,988 [ERROR] - Error retrieving products: 
2024-06-19 16:10:27,988 [ERROR] - Error retrieving products: 
2024-06-19 16:10:27,988 [ERROR] - Error retrieving products: 
2024-06-19 16:10:27,988 [ERROR] - Error retrieving products: 
2024-06-19 16:10:27,988 [ERROR] - Error retrieving products: 
2024-06-19 16:10:27,988 [ERROR] - Error retrieving products: 
2024-06-19 16:10:27,988 [ERROR] - Error retrieving products: 
2024-06-19 16:10:27,988 [ERROR] - Error retrieving products: 
2024-06-19 16:10:27,988 [ERROR] - Error retrieving products: 
2024-06-19 16:10:27,988 [ERROR] - Error retrieving products: 
2024-06-19 16:10:27,988 [ERROR] - Error retrieving products: 
2024-06-19 16:10:27,988 [ERROR] - Error retrieving products: 
2024-06-19 16:10:27,988 [ERROR] - Error retrieving products: 
2024-06-19 16:10:27,988 [ERROR] - Error retrieving products: 
2024-06-19 16:10:27,988 [ERROR] - Error retrieving products: 
2024-06-19 16:10:27,988 [ERROR] - Error retrieving products: 
2024-06-19 16:10:27,988 [ERROR] - Error retrieving products: 
2024-06-19 16:10:27,988 [ERROR] - Error retrieving products: 
2024-06-19 16:10:27,988 [ERROR] - Error retrieving products: 
2024-06-19 16:10:27,988 [ERROR] - Error retrieving products: 
2024-06-19 16:10:27,988 [ERROR] - Error retrieving products: 
2024-06-19 16:10:27,988 [ERROR] - Error retrieving products: 
2024-06-19 16:10:27,988 [ERROR] - Error retrieving products: 
2024-06-19 16:10:27,989 [ERROR] - Error retrieving products: 
2024-06-19 16:10:27,989 [ERROR] - Error retrieving products: 
2024-06-19 16:10:27,989 [ERROR] - Error retrieving products: 
2024-06-19 16:10:27,989 [ERROR] - Error retrieving products: 
2024-06-19 16:10:27,989 [ERROR] - Error retrieving products: 
2024-06-19 16:10:27,989 [ERROR] - Error retrieving products: 
2024-06-19 16:10:27,989 [ERROR] - Error retrieving products: 
2024-06-19 16:10:27,989 [ERROR] - Error retrieving products: 
2024-06-19 16:10:27,989 [ERROR] - Error retrieving products: 
2024-06-19 16:10:27,989 [ERROR] - Error retrieving products: 
2024-06-19 16:10:27,989 [ERROR] - Error retrieving products: 
2024-06-19 16:10:27,989 [ERROR] - Error retrieving products: 
2024-06-19 16:10:27,989 [ERROR] - Error retrieving products: 
2024-06-19 16:10:27,989 [ERROR] - Error retrieving products: 
2024-06-19 16:10:27,989 [ERROR] - Error retrieving products: 
2024-06-19 16:10:27,989 [ERROR] - Error retrieving products: 
2024-06-19 16:10:27,989 [ERROR] - Error retrieving products: 
2024-06-19 16:10:27,989 [ERROR] - Error retrieving products: 
2024-06-19 16:10:27,989 [ERROR] - Error retrieving products: 
2024-06-19 16:10:27,989 [ERROR] - Error retrieving products: 
2024-06-19 16:10:27,989 [ERROR] - Error retrieving products: 
2024-06-19 16:10:27,989 [ERROR] - Error retrieving products: 
2024-06-19 16:10:27,989 [ERROR] - Error retrieving products: 
2024-06-19 16:10:27,989 [ERROR] - Error retrieving products: 
2024-06-19 16:10:27,989 [ERROR] - Error retrieving products: 
2024-06-19 16:10:27,989 [ERROR] - Error retrieving products: 
2024-06-19 16:10:27,990 [ERROR] - Error retrieving products: 
2024-06-19 16:10:27,990 [ERROR] - Error retrieving products: 
2024-06-19 16:10:27,990 [ERROR] - Error retrieving products: 
2024-06-19 16:10:27,990 [ERROR] - Error retrieving products: 
2024-06-19 16:10:27,990 [ERROR] - Error retrieving products: 
2024-06-19 16:10:27,990 [ERROR] - Error retrieving products: 
2024-06-19 16:10:27,990 [ERROR] - Error retrieving products: 
2024-06-19 16:10:27,990 [ERROR] - Error retrieving products: 
2024-06-19 16:10:27,990 [ERROR] - Error retrieving products: 
2024-06-19 16:10:27,990 [ERROR] - Error retrieving products: 
2024-06-19 16:10:27,990 [ERROR] - Error retrieving products: 
2024-06-19 16:10:27,990 [ERROR] - Error retrieving products: 
2024-06-19 16:10:27,990 [ERROR] - Error retrieving products: 
2024-06-19 16:10:27,990 [ERROR] - Error retrieving products: 
2024-06-19 16:10:27,990 [ERROR] - Error retrieving products: 
2024-06-19 16:10:27,990 [ERROR] - Error retrieving products: 
2024-06-19 16:10:27,990 [ERROR] - Error retrieving products: 
2024-06-19 16:10:27,990 [ERROR] - Error retrieving products: 
2024-06-19 16:10:27,990 [ERROR] - Error retrieving products: 
2024-06-19 16:10:27,990 [ERROR] - Error retrieving products: 
2024-06-19 16:10:27,990 [ERROR] - Error retrieving products: 
2024-06-19 16:10:27,990 [ERROR] - Error retrieving products: 
2024-06-19 16:10:27,990 [ERROR] - Error retrieving products: 
2024-06-19 16:10:27,991 [ERROR] - Error retrieving products: 
2024-06-19 16:10:27,991 [ERROR] - Error retrieving products: 
2024-06-19 16:10:27,991 [ERROR] - Error retrieving products: 
2024-06-19 16:10:27,991 [ERROR] - Error retrieving products: 
2024-06-19 16:10:27,991 [ERROR] - Error retrieving products: 
2024-06-19 16:10:27,991 [ERROR] - Error retrieving products: 
2024-06-19 16:10:27,991 [ERROR] - Error retrieving products: 
2024-06-19 16:10:27,991 [ERROR] - Error retrieving products: 
2024-06-19 16:10:27,991 [ERROR] - Error retrieving products: 
2024-06-19 16:10:27,991 [ERROR] - Error retrieving products: 
2024-06-19 16:10:27,991 [ERROR] - Error retrieving products: 
2024-06-19 16:10:27,991 [ERROR] - Error retrieving products: 
2024-06-19 16:10:27,991 [ERROR] - Error retrieving products: 
2024-06-19 16:10:27,991 [ERROR] - Error retrieving products: 
2024-06-19 16:10:27,991 [ERROR] - Error retrieving products: 
2024-06-19 16:10:27,991 [ERROR] - Error retrieving products: 
2024-06-19 16:10:27,991 [ERROR] - Error retrieving products: 
2024-06-19 16:10:27,991 [ERROR] - Error retrieving products: 
2024-06-19 16:10:27,991 [ERROR] - Error retrieving products: 
2024-06-19 16:10:27,991 [ERROR] - Error retrieving products: 
2024-06-19 16:10:27,991 [ERROR] - Error retrieving products: 
2024-06-19 16:10:27,991 [ERROR] - Error retrieving products: 
2024-06-19 16:10:27,991 [ERROR] - Error retrieving products: 
2024-06-19 16:10:27,991 [ERROR] - Error retrieving products: 
2024-06-19 16:10:27,991 [ERROR] - Error retrieving products: 
2024-06-19 16:10:27,992 [ERROR] - Error retrieving products: 
2024-06-19 16:10:27,992 [ERROR] - Error retrieving products: 
2024-06-19 16:10:27,992 [ERROR] - Error retrieving products: 
2024-06-19 16:10:27,992 [ERROR] - Error retrieving products: 
2024-06-19 16:10:27,992 [ERROR] - Error retrieving products: 
2024-06-19 16:10:27,992 [ERROR] - Error retrieving products: 
2024-06-19 16:10:27,992 [ERROR] - Error retrieving products: 
2024-06-19 16:10:27,992 [ERROR] - Error retrieving products: 
2024-06-19 16:10:27,992 [ERROR] - Error retrieving products: 
2024-06-19 16:10:27,992 [ERROR] - Error retrieving products: 
2024-06-19 16:10:27,992 [ERROR] - Error retrieving products: 
2024-06-19 16:10:27,992 [ERROR] - Error retrieving products: 
2024-06-19 16:10:27,992 [ERROR] - Error retrieving products: 
2024-06-19 16:10:27,992 [ERROR] - Error retrieving products: 
2024-06-19 16:10:27,992 [ERROR] - Error retrieving products: 
2024-06-19 16:10:27,992 [ERROR] - Error retrieving products: 
2024-06-19 16:10:27,992 [ERROR] - Error retrieving products: 
2024-06-19 16:10:27,992 [ERROR] - Error retrieving products: 
2024-06-19 16:10:27,992 [ERROR] - Error retrieving products: 
2024-06-19 16:10:27,992 [ERROR] - Error retrieving products: 
2024-06-19 16:10:27,992 [ERROR] - Error retrieving products: 
2024-06-19 16:10:27,992 [ERROR] - Error retrieving products: 
2024-06-19 16:10:27,993 [ERROR] - Error retrieving products: 
2024-06-19 16:10:27,993 [ERROR] - Error retrieving products: 
2024-06-19 16:10:27,993 [ERROR] - Error retrieving products: 
2024-06-19 16:10:27,993 [ERROR] - Error retrieving products: 
2024-06-19 16:10:27,993 [ERROR] - Error retrieving products: 
2024-06-19 16:10:27,993 [ERROR] - Error retrieving products: 
2024-06-19 16:10:27,993 [ERROR] - Error retrieving products: 
2024-06-19 16:10:27,993 [ERROR] - Error retrieving products: 
2024-06-19 16:10:27,993 [ERROR] - Error retrieving products: 
2024-06-19 16:10:27,993 [ERROR] - Error retrieving products: 
2024-06-19 16:10:27,993 [ERROR] - Error retrieving products: 
2024-06-19 16:10:27,993 [ERROR] - Error retrieving products: 
2024-06-19 16:10:27,993 [ERROR] - Error retrieving products: 
2024-06-19 16:10:27,993 [ERROR] - Error retrieving products: 
2024-06-19 16:10:27,993 [ERROR] - Error retrieving products: 
2024-06-19 16:10:27,993 [ERROR] - Error retrieving products: 
2024-06-19 16:10:27,993 [ERROR] - Error retrieving products: 
2024-06-19 16:10:27,993 [ERROR] - Error retrieving products: 
2024-06-19 16:10:27,993 [ERROR] - Error retrieving products: 
2024-06-19 16:10:27,993 [ERROR] - Error retrieving products: 
2024-06-19 16:10:27,993 [ERROR] - Error retrieving products: 
2024-06-19 16:10:27,993 [ERROR] - Error retrieving products: 
2024-06-19 16:10:27,993 [ERROR] - Error retrieving products: 
2024-06-19 16:10:27,993 [ERROR] - Error retrieving products: 
2024-06-19 16:10:27,993 [ERROR] - Error retrieving products: 
2024-06-19 16:10:27,993 [ERROR] - Error retrieving products: 
2024-06-19 16:10:27,993 [ERROR] - Error retrieving products: 
2024-06-19 16:10:27,994 [ERROR] - Error retrieving products: 
2024-06-19 16:10:27,994 [ERROR] - Error retrieving products: 
2024-06-19 16:10:27,994 [ERROR] - Error retrieving products: 
2024-06-19 16:10:27,994 [ERROR] - Error retrieving products: 
2024-06-19 16:10:27,994 [ERROR] - Error retrieving products: 
2024-06-19 16:10:27,994 [ERROR] - Error retrieving products: 
2024-06-19 16:10:27,994 [ERROR] - Error retrieving products: 
2024-06-19 16:10:27,994 [ERROR] - Error retrieving products: 
2024-06-19 16:10:27,994 [ERROR] - Error retrieving products: 
2024-06-19 16:10:27,994 [ERROR] - Error retrieving products: 
2024-06-19 16:10:27,994 [ERROR] - Error retrieving products: 
2024-06-19 16:10:27,994 [ERROR] - Error retrieving products: 
2024-06-19 16:10:27,994 [ERROR] - Error retrieving products: 
2024-06-19 16:10:27,994 [ERROR] - Error retrieving products: 
2024-06-19 16:10:27,994 [ERROR] - Error retrieving products: 
2024-06-19 16:10:27,994 [ERROR] - Error retrieving products: 
2024-06-19 16:10:27,994 [ERROR] - Error retrieving products: 
2024-06-19 16:10:27,994 [ERROR] - Error retrieving products: 
2024-06-19 16:10:27,994 [ERROR] - Error retrieving products: 
2024-06-19 16:10:27,994 [ERROR] - Error retrieving products: 
2024-06-19 16:10:27,994 [ERROR] - Error retrieving products: 
2024-06-19 16:10:27,994 [ERROR] - Error retrieving products: 
2024-06-19 16:10:27,994 [ERROR] - Error retrieving products: 
2024-06-19 16:10:27,994 [ERROR] - Error retrieving products: 
2024-06-19 16:10:27,994 [ERROR] - Error retrieving products: 
2024-06-19 16:10:27,994 [ERROR] - Error retrieving products: 
2024-06-19 16:10:27,994 [ERROR] - Error retrieving products: 
2024-06-19 16:10:27,994 [ERROR] - Error retrieving products: 
2024-06-19 16:10:27,994 [ERROR] - Error retrieving products: 
2024-06-19 16:10:27,994 [ERROR] - Error retrieving products: 
2024-06-19 16:10:27,995 [ERROR] - Error retrieving products: 
2024-06-19 16:10:27,995 [ERROR] - Error retrieving products: 
2024-06-19 16:10:27,995 [ERROR] - Error retrieving products: 
2024-06-19 16:10:27,995 [ERROR] - Error retrieving products: 
2024-06-19 16:10:27,995 [ERROR] - Error retrieving products: 
2024-06-19 16:10:27,995 [ERROR] - Error retrieving products: 
2024-06-19 16:10:27,995 [ERROR] - Error retrieving products: 
2024-06-19 16:10:27,995 [ERROR] - Error retrieving products: 
2024-06-19 16:10:27,995 [ERROR] - Error retrieving products: 
2024-06-19 16:10:27,995 [ERROR] - Error retrieving products: 
2024-06-19 16:10:27,995 [ERROR] - Error retrieving products: 
2024-06-19 16:10:27,995 [ERROR] - Error retrieving products: 
2024-06-19 16:10:27,995 [ERROR] - Error retrieving products: 
2024-06-19 16:10:27,995 [ERROR] - Error retrieving products: 
2024-06-19 16:10:27,995 [ERROR] - Error retrieving products: 
2024-06-19 16:10:27,995 [ERROR] - Error retrieving products: 
2024-06-19 16:10:27,995 [ERROR] - Error retrieving products: 
2024-06-19 16:10:27,995 [ERROR] - Error retrieving products: 
2024-06-19 16:10:27,995 [ERROR] - Error retrieving products: 
2024-06-19 16:10:27,995 [ERROR] - Error retrieving products: 
2024-06-19 16:10:27,995 [ERROR] - Error retrieving products: 
2024-06-19 16:10:27,995 [ERROR] - Error retrieving products: 
2024-06-19 16:10:27,995 [ERROR] - Error retrieving products: 
2024-06-19 16:10:27,995 [ERROR] - Error retrieving products: 
2024-06-19 16:10:27,995 [ERROR] - Error retrieving products: 
2024-06-19 16:10:27,995 [ERROR] - Error retrieving products: 
2024-06-19 16:10:27,995 [ERROR] - Error retrieving products: 
2024-06-19 16:10:27,995 [ERROR] - Error retrieving products: 
2024-06-19 16:10:27,995 [ERROR] - Error retrieving products: 
2024-06-19 16:10:27,995 [ERROR] - Error retrieving products: 
2024-06-19 16:10:27,996 [ERROR] - Error retrieving products: 
2024-06-19 16:10:27,996 [ERROR] - Error retrieving products: 
2024-06-19 16:10:27,996 [ERROR] - Error retrieving products: 
2024-06-19 16:10:27,996 [ERROR] - Error retrieving products: 
2024-06-19 16:10:27,996 [ERROR] - Error retrieving products: 
2024-06-19 16:10:27,996 [ERROR] - Error retrieving products: 
2024-06-19 16:10:27,996 [ERROR] - Error retrieving products: 
2024-06-19 16:10:27,996 [ERROR] - Error retrieving products: 
2024-06-19 16:10:27,996 [ERROR] - Error retrieving products: 
2024-06-19 16:10:27,996 [ERROR] - Error retrieving products: 
2024-06-19 16:10:27,996 [ERROR] - Error retrieving products: 
2024-06-19 16:10:27,996 [ERROR] - Error retrieving products: 
2024-06-19 16:10:27,996 [ERROR] - Error retrieving products: 
2024-06-19 16:10:27,996 [ERROR] - Error retrieving products: 
2024-06-19 16:10:27,996 [ERROR] - Error retrieving products: 
2024-06-19 16:10:27,996 [ERROR] - Error retrieving products: 
2024-06-19 16:10:27,996 [ERROR] - Error retrieving products: 
2024-06-19 16:10:27,996 [ERROR] - Error retrieving products: 
2024-06-19 16:10:27,996 [ERROR] - Error retrieving products: 
2024-06-19 16:10:27,996 [ERROR] - Error retrieving products: 
2024-06-19 16:10:27,996 [ERROR] - Error retrieving products: 
2024-06-19 16:10:27,996 [ERROR] - Error retrieving products: 
2024-06-19 16:10:27,996 [ERROR] - Error retrieving products: 
2024-06-19 16:10:27,996 [ERROR] - Error retrieving products: 
2024-06-19 16:10:27,996 [ERROR] - Error retrieving products: 
2024-06-19 16:10:27,996 [ERROR] - Error retrieving products: 
2024-06-19 16:10:27,996 [ERROR] - Error retrieving products: 
2024-06-19 16:10:27,996 [ERROR] - Error retrieving products: 
2024-06-19 16:10:27,997 [ERROR] - Error retrieving products: 
2024-06-19 16:10:27,997 [ERROR] - Error retrieving products: 
2024-06-19 16:10:27,997 [ERROR] - Error retrieving products: 
2024-06-19 16:10:27,997 [ERROR] - Error retrieving products: 
2024-06-19 16:10:27,997 [ERROR] - Error retrieving products: 
2024-06-19 16:10:27,997 [ERROR] - Error retrieving products: 
2024-06-19 16:10:27,997 [ERROR] - Error retrieving products: 
2024-06-19 16:10:27,997 [ERROR] - Error retrieving products: 
2024-06-19 16:10:27,997 [ERROR] - Error retrieving products: 
2024-06-19 16:10:27,997 [ERROR] - Error retrieving products: 
2024-06-19 16:10:27,997 [ERROR] - Error retrieving products: 
2024-06-19 16:10:27,997 [ERROR] - Error retrieving products: 
2024-06-19 16:10:27,997 [ERROR] - Error retrieving products: 
2024-06-19 16:10:27,997 [ERROR] - Error retrieving products: 
2024-06-19 16:10:27,997 [ERROR] - Error retrieving products: 
2024-06-19 16:10:27,997 [ERROR] - Error retrieving products: 
2024-06-19 16:10:27,997 [ERROR] - Error retrieving products: 
2024-06-19 16:10:27,997 [ERROR] - Error retrieving products: 
2024-06-19 16:10:27,997 [ERROR] - Error retrieving products: 
2024-06-19 16:10:27,997 [ERROR] - Error retrieving products: 
2024-06-19 16:10:27,997 [ERROR] - Error retrieving products: 
2024-06-19 16:10:27,997 [ERROR] - Error retrieving products: 
2024-06-19 16:10:27,997 [ERROR] - Error retrieving products: 
2024-06-19 16:10:27,997 [ERROR] - Error retrieving products: 
2024-06-19 16:10:27,997 [ERROR] - Error retrieving products: 
2024-06-19 16:10:27,998 [ERROR] - Error retrieving products: 
2024-06-19 16:10:27,998 [ERROR] - Error retrieving products: 
2024-06-19 16:10:27,998 [ERROR] - Error retrieving products: 
2024-06-19 16:10:27,998 [ERROR] - Error retrieving products: 
2024-06-19 16:10:27,998 [ERROR] - Error retrieving products: 
2024-06-19 16:10:27,998 [ERROR] - Error retrieving products: 
2024-06-19 16:10:27,998 [ERROR] - Error retrieving products: 
2024-06-19 16:10:27,998 [ERROR] - Error retrieving products: 
2024-06-19 16:10:27,998 [ERROR] - Error retrieving products: 
2024-06-19 16:10:27,998 [ERROR] - Error retrieving products: 
2024-06-19 16:10:27,998 [ERROR] - Error retrieving products: 
2024-06-19 16:10:27,998 [ERROR] - Error retrieving products: 
2024-06-19 16:10:27,998 [ERROR] - Error retrieving products: 
2024-06-19 16:10:27,998 [ERROR] - Error retrieving products: 
2024-06-19 16:10:27,998 [ERROR] - Error retrieving products: 
2024-06-19 16:10:27,998 [ERROR] - Error retrieving products: 
2024-06-19 16:10:27,998 [ERROR] - Error retrieving products: 
2024-06-19 16:10:27,998 [ERROR] - Error retrieving products: 
2024-06-19 16:10:27,998 [ERROR] - Error retrieving products: 
2024-06-19 16:10:27,998 [ERROR] - Error retrieving products: 
2024-06-19 16:10:27,998 [ERROR] - Error retrieving products: 
2024-06-19 16:10:27,998 [ERROR] - Error retrieving products: 
2024-06-19 16:10:27,998 [ERROR] - Error retrieving products: 
2024-06-19 16:10:27,998 [ERROR] - Error retrieving products: 
2024-06-19 16:10:27,998 [ERROR] - Error retrieving products: 
2024-06-19 16:10:27,998 [ERROR] - Error retrieving products: 
2024-06-19 16:10:27,999 [ERROR] - Error retrieving products: 
2024-06-19 16:10:27,999 [ERROR] - Error retrieving products: 
2024-06-19 16:10:27,999 [ERROR] - Error retrieving products: 
2024-06-19 16:10:27,999 [ERROR] - Error retrieving products: 
2024-06-19 16:10:27,999 [ERROR] - Error retrieving products: 
2024-06-19 16:10:27,999 [ERROR] - Error retrieving products: 
2024-06-19 16:10:27,999 [ERROR] - Error retrieving products: 
2024-06-19 16:10:27,999 [ERROR] - Error retrieving products: 
2024-06-19 16:10:27,999 [ERROR] - Error retrieving products: 
2024-06-19 16:10:27,999 [ERROR] - Error retrieving products: 
2024-06-19 16:10:27,999 [ERROR] - Error retrieving products: 
2024-06-19 16:10:27,999 [ERROR] - Error retrieving products: 
2024-06-19 16:10:27,999 [ERROR] - Error retrieving products: 
2024-06-19 16:10:27,999 [ERROR] - Error retrieving products: 
2024-06-19 16:10:27,999 [ERROR] - Error retrieving products: 
2024-06-19 16:10:27,999 [ERROR] - Error retrieving products: 
2024-06-19 16:10:27,999 [ERROR] - Error retrieving products: 
2024-06-19 16:10:27,999 [ERROR] - Error retrieving products: 
2024-06-19 16:10:27,999 [ERROR] - Error retrieving products: 
2024-06-19 16:10:27,999 [ERROR] - Error retrieving products: 
2024-06-19 16:10:27,999 [ERROR] - Error retrieving products: 
2024-06-19 16:10:27,999 [ERROR] - Error retrieving products: 
2024-06-19 16:10:27,999 [ERROR] - Error retrieving products: 
2024-06-19 16:10:27,999 [ERROR] - Error retrieving products: 
2024-06-19 16:10:28,000 [ERROR] - Error retrieving products: 
2024-06-19 16:10:28,000 [ERROR] - Error retrieving products: 
2024-06-19 16:10:28,000 [ERROR] - Error retrieving products: 
2024-06-19 16:10:28,000 [ERROR] - Error retrieving products: 
2024-06-19 16:10:28,000 [ERROR] - Error retrieving products: 
2024-06-19 16:10:28,000 [ERROR] - Error retrieving products: 
2024-06-19 16:10:28,000 [ERROR] - Error retrieving products: 
2024-06-19 16:10:28,000 [ERROR] - Error retrieving products: 
2024-06-19 16:10:28,000 [ERROR] - Error retrieving products: 
2024-06-19 16:10:28,000 [ERROR] - Error retrieving products: 
2024-06-19 16:10:28,000 [ERROR] - Error retrieving products: 
2024-06-19 16:10:28,000 [ERROR] - Error retrieving products: 
2024-06-19 16:10:28,000 [ERROR] - Error retrieving products: 
2024-06-19 16:10:28,000 [ERROR] - Error retrieving products: 
2024-06-19 16:10:28,000 [ERROR] - Error retrieving products: 
2024-06-19 16:10:28,000 [ERROR] - Error retrieving products: 
2024-06-19 16:10:28,000 [ERROR] - Error retrieving products: 
2024-06-19 16:10:28,000 [ERROR] - Error retrieving products: 
2024-06-19 16:10:28,000 [ERROR] - Error retrieving products: 
2024-06-19 16:10:28,000 [ERROR] - Error retrieving products: 
2024-06-19 16:10:28,000 [ERROR] - Error retrieving products: 
2024-06-19 16:10:28,000 [ERROR] - Error retrieving products: 
2024-06-19 16:10:28,000 [ERROR] - Error retrieving products: 
2024-06-19 16:10:28,000 [ERROR] - Error retrieving products: 
2024-06-19 16:10:28,000 [ERROR] - Error retrieving products: 
2024-06-19 16:10:28,001 [ERROR] - Error retrieving products: 
2024-06-19 16:10:28,001 [ERROR] - Error retrieving products: 
2024-06-19 16:10:28,001 [ERROR] - Error retrieving products: 
2024-06-19 16:10:28,001 [ERROR] - Error retrieving products: 
2024-06-19 16:10:28,001 [ERROR] - Error retrieving products: 
2024-06-19 16:10:28,001 [ERROR] - Error retrieving products: 
2024-06-19 16:10:28,001 [ERROR] - Error retrieving products: 
2024-06-19 16:10:28,001 [ERROR] - Error retrieving products: 
2024-06-19 16:10:28,001 [ERROR] - Error retrieving products: 
2024-06-19 16:10:28,001 [ERROR] - Error retrieving products: 
2024-06-19 16:10:28,001 [ERROR] - Error retrieving products: 
2024-06-19 16:10:28,001 [ERROR] - Error retrieving products: 
2024-06-19 16:10:28,001 [ERROR] - Error retrieving products: 
2024-06-19 16:10:28,001 [ERROR] - Error retrieving products: 
2024-06-19 16:10:28,001 [ERROR] - Error retrieving products: 
2024-06-19 16:10:28,001 [ERROR] - Error retrieving products: 
2024-06-19 16:10:28,001 [ERROR] - Error retrieving products: 
2024-06-19 16:10:28,001 [ERROR] - Error retrieving products: 
2024-06-19 16:10:28,001 [ERROR] - Error retrieving products: 
2024-06-19 16:10:28,001 [ERROR] - Error retrieving products: 
2024-06-19 16:10:28,001 [ERROR] - Error retrieving products: 
2024-06-19 16:10:28,001 [ERROR] - Error retrieving products: 
2024-06-19 16:10:28,001 [ERROR] - Error retrieving products: 
2024-06-19 16:10:28,002 [ERROR] - Error retrieving products: 
2024-06-19 16:10:28,002 [ERROR] - Error retrieving products: 
2024-06-19 16:10:28,002 [ERROR] - Error retrieving products: 
2024-06-19 16:10:28,002 [ERROR] - Error retrieving products: 
2024-06-19 16:10:28,002 [ERROR] - Error retrieving products: 
2024-06-19 16:10:28,002 [ERROR] - Error retrieving products: 
2024-06-19 16:10:28,002 [ERROR] - Error retrieving products: 
2024-06-19 16:10:28,002 [ERROR] - Error retrieving products: 
2024-06-19 16:10:28,002 [ERROR] - Error retrieving products: 
2024-06-19 16:10:28,002 [ERROR] - Error retrieving products: 
2024-06-19 16:10:28,002 [ERROR] - Error retrieving products: 
2024-06-19 16:10:28,002 [ERROR] - Error retrieving products: 
2024-06-19 16:10:28,002 [ERROR] - Error retrieving products: 
2024-06-19 16:10:28,003 [ERROR] - Error retrieving products: 
2024-06-19 16:10:28,003 [ERROR] - Error retrieving products: 
2024-06-19 16:10:28,003 [ERROR] - Error retrieving products: 
2024-06-19 16:10:28,003 [ERROR] - Error retrieving products: 
2024-06-19 16:10:28,003 [ERROR] - Error retrieving products: 
2024-06-19 16:10:28,003 [ERROR] - Error retrieving products: 
2024-06-19 16:10:28,003 [ERROR] - Error retrieving products: 
2024-06-19 16:10:28,003 [ERROR] - Error retrieving products: 
2024-06-19 16:10:28,003 [ERROR] - Error retrieving products: 
2024-06-19 16:10:28,003 [ERROR] - Error retrieving products: 
2024-06-19 16:10:28,003 [ERROR] - Error retrieving products: 
2024-06-19 16:10:28,003 [ERROR] - Error retrieving products: 
2024-06-19 16:10:28,003 [ERROR] - Error retrieving products: 
2024-06-19 16:10:28,003 [ERROR] - Error retrieving products: 
2024-06-19 16:10:28,003 [ERROR] - Error retrieving products: 
2024-06-19 16:10:28,003 [ERROR] - Error retrieving products: 
2024-06-19 16:10:28,003 [ERROR] - Error retrieving products: 
2024-06-19 16:10:28,003 [ERROR] - Error retrieving products: 
2024-06-19 16:10:28,003 [ERROR] - Error retrieving products: 
2024-06-19 16:10:28,003 [ERROR] - Error retrieving products: 
2024-06-19 16:10:28,003 [ERROR] - Error retrieving products: 
2024-06-19 16:10:28,004 [ERROR] - Error retrieving products: 
2024-06-19 16:10:28,004 [ERROR] - Error retrieving products: 
2024-06-19 16:10:28,004 [ERROR] - Error retrieving products: 
2024-06-19 16:10:28,004 [ERROR] - Error retrieving products: 
2024-06-19 16:10:28,004 [ERROR] - Error retrieving products: 
2024-06-19 16:10:28,004 [ERROR] - Error retrieving products: 
2024-06-19 16:10:28,004 [ERROR] - Error retrieving products: 
2024-06-19 16:10:28,004 [ERROR] - Error retrieving products: 
2024-06-19 16:10:28,004 [ERROR] - Error retrieving products: 
2024-06-19 16:10:28,004 [ERROR] - Error retrieving products: 
2024-06-19 16:10:28,004 [ERROR] - Error retrieving products: 
2024-06-19 16:10:28,004 [ERROR] - Error retrieving products: 
2024-06-19 16:10:28,004 [ERROR] - Error retrieving products: 
2024-06-19 16:10:28,004 [ERROR] - Error retrieving products: 
2024-06-19 16:10:28,004 [ERROR] - Error retrieving products: 
2024-06-19 16:10:28,004 [ERROR] - Error retrieving products: 
2024-06-19 16:10:28,004 [ERROR] - Error retrieving products: 
2024-06-19 16:10:28,004 [ERROR] - Error retrieving products: 
2024-06-19 16:10:28,004 [ERROR] - Error retrieving products: 
2024-06-19 16:10:28,004 [ERROR] - Error retrieving products: 
2024-06-19 16:10:28,004 [ERROR] - Error retrieving products: 
2024-06-19 16:10:28,004 [ERROR] - Error retrieving products: 
2024-06-19 16:10:28,004 [ERROR] - Error retrieving products: 
2024-06-19 16:10:28,004 [ERROR] - Error retrieving products: 
2024-06-19 16:10:28,005 [ERROR] - Error retrieving products: 
2024-06-19 16:10:28,005 [ERROR] - Error retrieving products: 
2024-06-19 16:10:28,005 [ERROR] - Error retrieving products: 
2024-06-19 16:10:28,005 [ERROR] - Error retrieving products: 
2024-06-19 16:10:28,005 [ERROR] - Error retrieving products: 
2024-06-19 16:10:28,005 [ERROR] - Error retrieving products: 
2024-06-19 16:10:28,005 [ERROR] - Error retrieving products: 
2024-06-19 16:10:28,005 [ERROR] - Error retrieving products: 
2024-06-19 16:10:28,005 [ERROR] - Error retrieving products: 
2024-06-19 16:10:28,005 [ERROR] - Error retrieving products: 
2024-06-19 16:10:28,005 [ERROR] - Error retrieving products: 
2024-06-19 16:10:28,005 [ERROR] - Error retrieving products: 
2024-06-19 16:10:28,005 [ERROR] - Error retrieving products: 
2024-06-19 16:10:28,005 [ERROR] - Error retrieving products: 
2024-06-19 16:10:28,005 [ERROR] - Error retrieving products: 
2024-06-19 16:10:28,005 [ERROR] - Error retrieving products: 
2024-06-19 16:10:28,005 [ERROR] - Error retrieving products: 
2024-06-19 16:10:28,005 [ERROR] - Error retrieving products: 
2024-06-19 16:10:28,005 [ERROR] - Error retrieving products: 
2024-06-19 16:10:28,005 [ERROR] - Error retrieving products: 
2024-06-19 16:10:28,005 [ERROR] - Error retrieving products: 
2024-06-19 16:10:28,005 [ERROR] - Error retrieving products: 
2024-06-19 16:10:28,005 [ERROR] - Error retrieving products: 
2024-06-19 16:10:28,005 [ERROR] - Error retrieving products: 
2024-06-19 16:10:28,006 [ERROR] - Error retrieving products: 
2024-06-19 16:10:28,006 [ERROR] - Error retrieving products: 
2024-06-19 16:10:28,006 [ERROR] - Error retrieving products: 
2024-06-19 16:10:28,006 [ERROR] - Error retrieving products: 
2024-06-19 16:10:28,006 [ERROR] - Error retrieving products: 
2024-06-19 16:10:28,006 [ERROR] - Error retrieving products: 
2024-06-19 16:10:28,006 [ERROR] - Error retrieving products: 
2024-06-19 16:10:28,006 [ERROR] - Error retrieving products: 
2024-06-19 16:10:28,006 [ERROR] - Error retrieving products: 
2024-06-19 16:10:28,006 [ERROR] - Error retrieving products: 
2024-06-19 16:10:28,006 [ERROR] - Error retrieving products: 
2024-06-19 16:10:28,006 [ERROR] - Error retrieving products: 
2024-06-19 16:10:28,006 [ERROR] - Error retrieving products: 
2024-06-19 16:10:28,006 [ERROR] - Error retrieving products: 
2024-06-19 16:10:28,006 [ERROR] - Error retrieving products: 
2024-06-19 16:10:28,006 [ERROR] - Error retrieving products: 
2024-06-19 16:10:28,006 [ERROR] - Error retrieving products: 
2024-06-19 16:10:28,006 [ERROR] - Error retrieving products: 
2024-06-19 16:10:28,006 [ERROR] - Error retrieving products: 
2024-06-19 16:10:28,006 [ERROR] - Error retrieving products: 
2024-06-19 16:10:28,006 [ERROR] - Error retrieving products: 
2024-06-19 16:10:28,006 [ERROR] - Error retrieving products: 
2024-06-19 16:10:28,006 [ERROR] - Error retrieving products: 
2024-06-19 16:10:28,006 [ERROR] - Error retrieving products: 
2024-06-19 16:10:28,006 [ERROR] - Error retrieving products: 
2024-06-19 16:10:28,006 [ERROR] - Error retrieving products: 
2024-06-19 16:10:28,006 [ERROR] - Error retrieving products: 
2024-06-19 16:10:28,006 [ERROR] - Error retrieving products: 
2024-06-19 16:10:28,006 [ERROR] - Error retrieving products: 
2024-06-19 16:10:28,006 [ERROR] - Error retrieving products: 
2024-06-19 16:10:28,007 [ERROR] - Error retrieving products: 
2024-06-19 16:10:28,007 [ERROR] - Error retrieving products: 
2024-06-19 16:10:28,007 [ERROR] - Error retrieving products: 
2024-06-19 16:10:28,007 [ERROR] - Error retrieving products: 
2024-06-19 16:10:28,007 [ERROR] - Error retrieving products: 
2024-06-19 16:10:28,007 [ERROR] - Error retrieving products: 
2024-06-19 16:10:28,007 [ERROR] - Error retrieving products: 
2024-06-19 16:10:28,007 [ERROR] - Error retrieving products: 
2024-06-19 16:10:28,007 [ERROR] - Error retrieving products: 
2024-06-19 16:10:28,007 [ERROR] - Error retrieving products: 
2024-06-19 16:10:28,007 [ERROR] - Error retrieving products: 
2024-06-19 16:10:28,007 [ERROR] - Error retrieving products: 
2024-06-19 16:10:28,007 [ERROR] - Error retrieving products: 
2024-06-19 16:10:28,007 [ERROR] - Error retrieving products: 
2024-06-19 16:10:28,007 [ERROR] - Error retrieving products: 
2024-06-19 16:10:28,007 [ERROR] - Error retrieving products: 
2024-06-19 16:10:28,007 [ERROR] - Error retrieving products: 
2024-06-19 16:10:28,007 [ERROR] - Error retrieving products: 
2024-06-19 16:10:28,007 [ERROR] - Error retrieving products: 
2024-06-19 16:10:28,007 [ERROR] - Error retrieving products: 
2024-06-19 16:10:28,007 [ERROR] - Error retrieving products: 
2024-06-19 16:10:28,007 [ERROR] - Error retrieving products: 
2024-06-19 16:10:28,007 [ERROR] - Error retrieving products: 
2024-06-19 16:10:28,007 [ERROR] - Error retrieving products: 
2024-06-19 16:10:28,008 [ERROR] - Error retrieving products: 
2024-06-19 16:10:28,008 [ERROR] - Error retrieving products: 
2024-06-19 16:10:28,008 [ERROR] - Error retrieving products: 
2024-06-19 16:10:28,008 [ERROR] - Error retrieving products: 
2024-06-19 16:10:28,008 [ERROR] - Error retrieving products: 
2024-06-19 16:10:28,008 [ERROR] - Error retrieving products: 
2024-06-19 16:10:28,008 [ERROR] - Error retrieving products: 
2024-06-19 16:10:28,008 [ERROR] - Error retrieving products: 
2024-06-19 16:10:28,008 [ERROR] - Error retrieving products: 
2024-06-19 16:10:28,008 [ERROR] - Error retrieving products: 
2024-06-19 16:10:28,008 [ERROR] - Error retrieving products: 
2024-06-19 16:10:28,008 [ERROR] - Error retrieving products: 
2024-06-19 16:10:28,008 [ERROR] - Error retrieving products: 
2024-06-19 16:10:28,008 [ERROR] - Error retrieving products: 
2024-06-19 16:10:28,008 [ERROR] - Error retrieving products: 
2024-06-19 16:10:28,008 [ERROR] - Error retrieving products: 
2024-06-19 16:10:28,008 [ERROR] - Error retrieving products: 
2024-06-19 16:10:28,008 [ERROR] - Error retrieving products: 
2024-06-19 16:10:28,008 [ERROR] - Error retrieving products: 
2024-06-19 16:10:28,008 [ERROR] - Error retrieving products: 
2024-06-19 16:10:28,008 [ERROR] - Error retrieving products: 
2024-06-19 16:10:28,008 [ERROR] - Error retrieving products: 
2024-06-19 16:10:28,008 [ERROR] - Error retrieving products: 
2024-06-19 16:10:28,008 [ERROR] - Error retrieving products: 
2024-06-19 16:10:28,009 [ERROR] - Error retrieving products: 
2024-06-19 16:10:28,009 [ERROR] - Error retrieving products: 
2024-06-19 16:10:28,009 [ERROR] - Error retrieving products: 
2024-06-19 16:10:28,009 [ERROR] - Error retrieving products: 
2024-06-19 16:10:28,009 [ERROR] - Error retrieving products: 
2024-06-19 16:10:28,009 [ERROR] - Error retrieving products: 
2024-06-19 16:10:28,009 [ERROR] - Error retrieving products: 
2024-06-19 16:10:28,009 [ERROR] - Error retrieving products: 
2024-06-19 16:10:28,009 [ERROR] - Error retrieving products: 
2024-06-19 16:10:28,009 [ERROR] - Error retrieving products: 
2024-06-19 16:10:28,009 [ERROR] - Error retrieving products: 
2024-06-19 16:10:28,009 [ERROR] - Error retrieving products: 
2024-06-19 16:10:28,009 [ERROR] - Error retrieving products: 
2024-06-19 16:10:28,009 [ERROR] - Error retrieving products: 
2024-06-19 16:10:28,009 [ERROR] - Error retrieving products: 
2024-06-19 16:10:28,009 [ERROR] - Error retrieving products: 
2024-06-19 16:10:28,009 [ERROR] - Error retrieving products: 
2024-06-19 16:10:28,009 [ERROR] - Error retrieving products: 
2024-06-19 16:10:28,009 [ERROR] - Error retrieving products: 
2024-06-19 16:10:28,009 [ERROR] - Error retrieving products: 
2024-06-19 16:10:28,009 [ERROR] - Error retrieving products: 
2024-06-19 16:10:28,009 [ERROR] - Error retrieving products: 
2024-06-19 16:10:28,009 [ERROR] - Error retrieving products: 
2024-06-19 16:10:28,009 [ERROR] - Error retrieving products: 
2024-06-19 16:10:28,010 [ERROR] - Error retrieving products: 
2024-06-19 16:10:28,010 [ERROR] - Error retrieving products: 
2024-06-19 16:10:28,010 [ERROR] - Error retrieving products: 
2024-06-19 16:10:28,010 [ERROR] - Error retrieving products: 
2024-06-19 16:10:28,010 [ERROR] - Error retrieving products: 
2024-06-19 16:10:28,010 [ERROR] - Error retrieving products: 
2024-06-19 16:10:28,010 [ERROR] - Error retrieving products: 
2024-06-19 16:10:28,010 [ERROR] - Error retrieving products: 
2024-06-19 16:10:28,010 [ERROR] - Error retrieving products: 
2024-06-19 16:10:28,010 [ERROR] - Error retrieving products: 
2024-06-19 16:10:28,010 [ERROR] - Error retrieving products: 
2024-06-19 16:10:28,010 [ERROR] - Error retrieving products: 
2024-06-19 16:10:28,010 [ERROR] - Error retrieving products: 
2024-06-19 16:10:28,010 [ERROR] - Error retrieving products: 
2024-06-19 16:10:28,010 [ERROR] - Error retrieving products: 
2024-06-19 16:10:28,010 [ERROR] - Error retrieving products: 
2024-06-19 16:10:28,010 [ERROR] - Error retrieving products: 
2024-06-19 16:10:28,010 [ERROR] - Error retrieving products: 
2024-06-19 16:10:28,010 [ERROR] - Error retrieving products: 
2024-06-19 16:10:28,010 [ERROR] - Error retrieving products: 
2024-06-19 16:10:28,010 [ERROR] - Error retrieving products: 
2024-06-19 16:10:28,010 [ERROR] - Error retrieving products: 
2024-06-19 16:10:28,010 [ERROR] - Error retrieving products: 
2024-06-19 16:10:28,010 [ERROR] - Error retrieving products: 
2024-06-19 16:10:28,011 [ERROR] - Error retrieving products: 
2024-06-19 16:10:28,011 [ERROR] - Error retrieving products: 
2024-06-19 16:10:28,011 [ERROR] - Error retrieving products: 
2024-06-19 16:10:28,011 [ERROR] - Error retrieving products: 
2024-06-19 16:10:28,011 [ERROR] - Error retrieving products: 
2024-06-19 16:10:28,011 [ERROR] - Error retrieving products: 
2024-06-19 16:10:28,011 [ERROR] - Error retrieving products: 
2024-06-19 16:10:28,011 [ERROR] - Error retrieving products: 
2024-06-19 16:10:28,011 [ERROR] - Error retrieving products: 
2024-06-19 16:10:28,011 [ERROR] - Error retrieving products: 
2024-06-19 16:10:28,011 [ERROR] - Error retrieving products: 
2024-06-19 16:10:28,011 [ERROR] - Error retrieving products: 
2024-06-19 16:10:28,011 [ERROR] - Error retrieving products: 
2024-06-19 16:10:28,011 [ERROR] - Error retrieving products: 
2024-06-19 16:10:28,011 [ERROR] - Error retrieving products: 
2024-06-19 16:10:28,011 [ERROR] - Error retrieving products: 
2024-06-19 16:10:28,011 [ERROR] - Error retrieving products: 
2024-06-19 16:10:28,011 [ERROR] - Error retrieving products: 
2024-06-19 16:10:28,011 [ERROR] - Error retrieving products: 
2024-06-19 16:10:28,011 [ERROR] - Error retrieving products: 
2024-06-19 16:10:28,011 [ERROR] - Error retrieving products: 
2024-06-19 16:10:28,011 [ERROR] - Error retrieving products: 
2024-06-19 16:10:28,011 [ERROR] - Error retrieving products: 
2024-06-19 16:10:28,011 [ERROR] - Error retrieving products: 
2024-06-19 16:10:28,012 [ERROR] - Error retrieving products: 
2024-06-19 16:10:28,012 [ERROR] - Error retrieving products: 
2024-06-19 16:10:28,012 [ERROR] - Error retrieving products: 
2024-06-19 16:10:28,012 [ERROR] - Error retrieving products: 
2024-06-19 16:10:28,012 [ERROR] - Error retrieving products: 
2024-06-19 16:10:28,012 [ERROR] - Error retrieving products: 
2024-06-19 16:10:28,012 [ERROR] - Error retrieving products: 
2024-06-19 16:10:28,012 [ERROR] - Error retrieving products: 
2024-06-19 16:10:28,012 [ERROR] - Error retrieving products: 
2024-06-19 16:10:28,012 [ERROR] - Error retrieving products: 
2024-06-19 16:10:28,012 [ERROR] - Error retrieving products: 
2024-06-19 16:10:28,012 [ERROR] - Error retrieving products: 
2024-06-19 16:10:28,012 [ERROR] - Error retrieving products: 
2024-06-19 16:10:28,012 [ERROR] - Error retrieving products: 
2024-06-19 16:10:28,012 [ERROR] - Error retrieving products: 
2024-06-19 16:10:28,012 [ERROR] - Error retrieving products: 
2024-06-19 16:10:28,012 [ERROR] - Error retrieving products: 
2024-06-19 16:10:28,012 [ERROR] - Error retrieving products: 
2024-06-19 16:10:28,012 [ERROR] - Error retrieving products: 
2024-06-19 16:10:28,012 [ERROR] - Error retrieving products: 
2024-06-19 16:10:28,013 [ERROR] - Error retrieving products: 
2024-06-19 16:10:28,013 [ERROR] - Error retrieving products: 
2024-06-19 16:10:28,013 [ERROR] - Error retrieving products: 
2024-06-19 16:10:28,013 [ERROR] - Error retrieving products: 
2024-06-19 16:10:28,013 [ERROR] - Error retrieving products: 
2024-06-19 16:10:28,013 [ERROR] - Error retrieving products: 
2024-06-19 16:10:28,013 [ERROR] - Error retrieving products: 
2024-06-19 16:10:28,013 [ERROR] - Error retrieving products: 
2024-06-19 16:10:28,013 [ERROR] - Error retrieving products: 
2024-06-19 16:10:38,818 [INFO] - Shutting down
2024-06-19 16:10:38,919 [INFO] - Waiting for application shutdown.
2024-06-19 16:10:38,920 [INFO] - Application shutdown complete.
2024-06-19 16:10:38,920 [INFO] - Finished server process [23229]
2024-06-19 16:10:39,711 [INFO] - Started server process [23243]
2024-06-19 16:10:39,712 [INFO] - Waiting for application startup.
2024-06-19 16:10:39,712 [INFO] - Application startup complete.
2024-06-19 16:10:42,922 [INFO] - Shutting down
2024-06-19 16:10:43,022 [INFO] - Waiting for application shutdown.
2024-06-19 16:10:43,023 [INFO] - Application shutdown complete.
2024-06-19 16:10:43,023 [INFO] - Finished server process [23243]
2024-06-19 16:10:43,811 [INFO] - Started server process [23254]
2024-06-19 16:10:43,812 [INFO] - Waiting for application startup.
2024-06-19 16:10:43,812 [INFO] - Application startup complete.
2024-06-19 16:10:57,851 [INFO] - Shutting down
2024-06-19 16:10:57,952 [INFO] - Waiting for application shutdown.
2024-06-19 16:10:57,952 [INFO] - Application shutdown complete.
2024-06-19 16:10:57,952 [INFO] - Finished server process [23254]
2024-06-19 16:10:58,735 [INFO] - Started server process [23265]
2024-06-19 16:10:58,736 [INFO] - Waiting for application startup.
2024-06-19 16:10:58,736 [INFO] - Application startup complete.
2024-06-19 16:11:04,215 [ERROR] - Exception in ASGI application
Traceback (most recent call last):
  File "/home/mahoyos/.local/lib/python3.10/site-packages/uvicorn/protocols/http/httptools_impl.py", line 396, in run_asgi
    result = await app(self.scope, self.receive, self.send)
  File "/home/mahoyos/.local/lib/python3.10/site-packages/uvicorn/middleware/proxy_headers.py", line 45, in __call__
    return await self.app(scope, receive, send)
  File "/home/mahoyos/.local/lib/python3.10/site-packages/fastapi/applications.py", line 199, in __call__
    await super().__call__(scope, receive, send)
  File "/home/mahoyos/.local/lib/python3.10/site-packages/starlette/applications.py", line 111, in __call__
    await self.middleware_stack(scope, receive, send)
  File "/home/mahoyos/.local/lib/python3.10/site-packages/starlette/middleware/errors.py", line 181, in __call__
    raise exc from None
  File "/home/mahoyos/.local/lib/python3.10/site-packages/starlette/middleware/errors.py", line 159, in __call__
    await self.app(scope, receive, _send)
  File "/home/mahoyos/.local/lib/python3.10/site-packages/starlette/middleware/cors.py", line 78, in __call__
    await self.app(scope, receive, send)
  File "/home/mahoyos/.local/lib/python3.10/site-packages/starlette/middleware/base.py", line 25, in __call__
    response = await self.dispatch_func(request, self.call_next)
  File "/home/mahoyos/.local/lib/python3.10/site-packages/slowapi/middleware.py", line 128, in dispatch
    return await call_next(request)
  File "/home/mahoyos/.local/lib/python3.10/site-packages/starlette/middleware/base.py", line 45, in call_next
    task.result()
  File "/home/mahoyos/.local/lib/python3.10/site-packages/starlette/middleware/base.py", line 38, in coro
    await self.app(scope, receive, send)
  File "/home/mahoyos/.local/lib/python3.10/site-packages/starlette/exceptions.py", line 82, in __call__
    raise exc from None
  File "/home/mahoyos/.local/lib/python3.10/site-packages/starlette/exceptions.py", line 71, in __call__
    await self.app(scope, receive, sender)
  File "/home/mahoyos/.local/lib/python3.10/site-packages/starlette/routing.py", line 566, in __call__
    await route.handle(scope, receive, send)
  File "/home/mahoyos/.local/lib/python3.10/site-packages/starlette/routing.py", line 227, in handle
    await self.app(scope, receive, send)
  File "/home/mahoyos/.local/lib/python3.10/site-packages/starlette/routing.py", line 41, in app
    response = await func(request)
  File "/home/mahoyos/.local/lib/python3.10/site-packages/fastapi/routing.py", line 209, in app
    response_data = await serialize_response(
  File "/home/mahoyos/.local/lib/python3.10/site-packages/fastapi/routing.py", line 126, in serialize_response
    raise ValidationError(errors, field.type_)
pydantic.error_wrappers.ValidationError: 6 validation errors for Product
response -> 0
  value is not a valid dict (type=type_error.dict)
response -> 1
  value is not a valid dict (type=type_error.dict)
response -> 2
  value is not a valid dict (type=type_error.dict)
response -> 3
  value is not a valid dict (type=type_error.dict)
response -> 4
  value is not a valid dict (type=type_error.dict)
response -> 5
  value is not a valid dict (type=type_error.dict)
2024-06-19 16:13:47,316 [INFO] - Shutting down
2024-06-19 16:13:47,417 [INFO] - Waiting for application shutdown.
2024-06-19 16:13:47,418 [INFO] - Application shutdown complete.
2024-06-19 16:13:47,418 [INFO] - Finished server process [23265]
2024-06-19 16:13:48,206 [INFO] - Started server process [23337]
2024-06-19 16:13:48,207 [INFO] - Waiting for application startup.
2024-06-19 16:13:48,207 [INFO] - Application startup complete.
2024-06-19 16:14:03,452 [INFO] - Shutting down
2024-06-19 16:14:03,553 [INFO] - Waiting for application shutdown.
2024-06-19 16:14:03,554 [INFO] - Application shutdown complete.
2024-06-19 16:14:03,554 [INFO] - Finished server process [23337]
2024-06-19 16:14:05,646 [INFO] - Started server process [23350]
2024-06-19 16:14:05,647 [INFO] - Waiting for application startup.
2024-06-19 16:14:05,647 [INFO] - Application startup complete.
